<?xml version="1.0" encoding="UTF-8"?>
<testsuite name="com.twu.biblioteca.BibliotecaAppTest" tests="6" skipped="0" failures="0" errors="0" timestamp="2015-02-27T12:11:21" hostname="INdianadev.local" time="0.218">
  <properties/>
  <testcase name="testValidatePerformActionExistsOnInputValueThree" classname="com.twu.biblioteca.BibliotecaAppTest" time="0.007"/>
  <testcase name="testValidatePerformActionExistsOnInputValueZero" classname="com.twu.biblioteca.BibliotecaAppTest" time="0.001"/>
  <testcase name="testValidatePerformActionExistsOnInputValueTwo" classname="com.twu.biblioteca.BibliotecaAppTest" time="0.001"/>
  <testcase name="testShowMenu" classname="com.twu.biblioteca.BibliotecaAppTest" time="0.0"/>
  <testcase name="testValidatePerformActionRerunsOnInvalidInputValue" classname="com.twu.biblioteca.BibliotecaAppTest" time="0.0"/>
  <testcase name="testIfMock" classname="com.twu.biblioteca.BibliotecaAppTest" time="0.207"/>
  <system-out><![CDATA[]]></system-out>
  <system-err><![CDATA[]]></system-err>
</testsuite>
