<?xml version="1.0" encoding="UTF-8"?>
<testsuite name="com.twu.biblioteca.CustomerTest" tests="3" skipped="0" failures="0" errors="0" timestamp="2015-02-27T12:11:21" hostname="INdianadev.local" time="0.001">
  <properties/>
  <testcase name="testCheckOutBook" classname="com.twu.biblioteca.CustomerTest" time="0.0"/>
  <testcase name="testReturnValidBook" classname="com.twu.biblioteca.CustomerTest" time="0.0"/>
  <testcase name="testReturnInValidBook" classname="com.twu.biblioteca.CustomerTest" time="0.0"/>
  <system-out><![CDATA[]]></system-out>
  <system-err><![CDATA[]]></system-err>
</testsuite>
